<?xml version="1.0" encoding="UTF-8"?>
<!-- Generated by org.testng.reporters.JUnitReportReporter -->
<testsuite skipped="0" hostname="LAPTOP-LFK4DCEU" name="apiTests.ValidateGetData" tests="2" failures="0" timestamp="2022-12-23T18:54:56 EST" time="0.260" errors="0">
  <testcase name="getEmployeeById" time="0.173" classname="apiTests.ValidateGetData"/>
  <system-out/>
  <testcase name="getEmployees" time="0.087" classname="apiTests.ValidateGetData"/>
  <system-out/>
</testsuite> <!-- apiTests.ValidateGetData -->
