<?xml version="1.0" encoding="UTF-8"?>
<!-- Generated by org.testng.reporters.JUnitReportReporter -->
<testsuite skipped="0" hostname="LAPTOP-LFK4DCEU" name="apiTests.ValidateDeleteData" tests="2" failures="0" timestamp="2022-12-23T18:54:56 EST" time="0.693" errors="0">
  <testcase name="deleteData" time="0.348" classname="apiTests.ValidateDeleteData"/>
  <system-out/>
  <testcase name="deleteInvalidData" time="0.345" classname="apiTests.ValidateDeleteData"/>
  <system-out/>
</testsuite> <!-- apiTests.ValidateDeleteData -->
