<?xml version="1.0" encoding="UTF-8"?>
<!-- Generated by org.testng.reporters.JUnitReportReporter -->
<testsuite skipped="0" hostname="LAPTOP-LFK4DCEU" name="apiTests.ValidatePostData" tests="1" failures="0" timestamp="2022-12-23T18:54:56 EST" time="3.679" errors="0">
  <testcase name="createEmployee" time="3.679" classname="apiTests.ValidatePostData"/>
  <system-out/>
</testsuite> <!-- apiTests.ValidatePostData -->
